# JRE version: OpenJDK Runtime Environment Temurin-17.0.4.1+1 (17.0.4.1+1) (build 17.0.4.1+1)
# Java VM: OpenJDK 64-Bit Server VM Temurin-17.0.4.1+1 (17.0.4.1+1, mixed mode, tiered, compressed oops, compressed class ptrs, g1 gc, windows-amd64)
GC Precious Log:
 CPUs: 8 total, 8 available
 Memory: 6022M
 Large Page Support: Disabled
 NUMA Support: Disabled
 Compressed Oops: Enabled (32-bit)
 Heap Region Size: 1M
 Heap Min Capacity: 8M
 Heap Initial Capacity: 96M
 Heap Max Capacity: 1506M
 Pre-touch: Disabled
 Parallel Workers: 8
 Concurrent Workers: 2
 Concurrent Refinement Workers: 8
 Periodic GC: Disabled
Heap:
 garbage-first heap   total 107520K, used 37036K [0x00000000a1e00000, 0x0000000100000000)
  region size 1024K, 7 young (7168K), 4 survivors (4096K)
 Metaspace       used 79683K, committed 80128K, reserved 1122304K
  class space    used 9416K, committed 9600K, reserved 1048576K
GC Heap History (20 events):
Event: 12.339 GC heap before
{Heap before GC invocations=29 (full 0):
 garbage-first heap   total 89088K, used 22477K [0x00000000a1e00000, 0x0000000100000000)
  region size 1024K, 6 young (6144K), 5 survivors (5120K)
 Metaspace       used 59821K, committed 60160K, reserved 1105920K
  class space    used 6922K, committed 7104K, reserved 1048576K
}
Event: 12.349 GC heap after
{Heap after GC invocations=30 (full 0):
 garbage-first heap   total 107520K, used 22563K [0x00000000a1e00000, 0x0000000100000000)
  region size 1024K, 4 young (4096K), 4 survivors (4096K)
 Metaspace       used 59821K, committed 60160K, reserved 1105920K
  class space    used 6922K, committed 7104K, reserved 1048576K
}
Event: 13.120 GC heap before
{Heap before GC invocations=31 (full 0):
 garbage-first heap   total 89088K, used 71715K [0x00000000a1e00000, 0x0000000100000000)
  region size 1024K, 52 young (53248K), 4 survivors (4096K)
 Metaspace       used 62391K, committed 62720K, reserved 1105920K
  class space    used 7275K, committed 7424K, reserved 1048576K
}
Event: 13.127 GC heap after
{Heap after GC invocations=32 (full 0):
 garbage-first heap   total 89088K, used 23140K [0x00000000a1e00000, 0x0000000100000000)
  region size 1024K, 5 young (5120K), 5 survivors (5120K)
 Metaspace       used 62391K, committed 62720K, reserved 1105920K
  class space    used 7275K, committed 7424K, reserved 1048576K
}
Event: 13.929 GC heap before
{Heap before GC invocations=32 (full 0):
 garbage-first heap   total 89088K, used 71268K [0x00000000a1e00000, 0x0000000100000000)
  region size 1024K, 52 young (53248K), 5 survivors (5120K)
 Metaspace       used 64823K, committed 65152K, reserved 1114112K
  class space    used 7511K, committed 7680K, reserved 1048576K
}
Event: 13.945 GC heap after
{Heap after GC invocations=33 (full 0):
 garbage-first heap   total 89088K, used 24743K [0x00000000a1e00000, 0x0000000100000000)
  region size 1024K, 5 young (5120K), 5 survivors (5120K)
 Metaspace       used 64823K, committed 65152K, reserved 1114112K
  class space    used 7511K, committed 7680K, reserved 1048576K
}
Event: 14.537 GC heap before
{Heap before GC invocations=33 (full 0):
 garbage-first heap   total 89088K, used 71847K [0x00000000a1e00000, 0x0000000100000000)
  region size 1024K, 51 young (52224K), 5 survivors (5120K)
 Metaspace       used 66980K, committed 67328K, reserved 1114112K
  class space    used 7794K, committed 7936K, reserved 1048576K
}
Event: 14.551 GC heap after
{Heap after GC invocations=34 (full 0):
 garbage-first heap   total 89088K, used 25725K [0x00000000a1e00000, 0x0000000100000000)
  region size 1024K, 5 young (5120K), 5 survivors (5120K)
 Metaspace       used 66980K, committed 67328K, reserved 1114112K
  class space    used 7794K, committed 7936K, reserved 1048576K
}
Event: 15.006 GC heap before
{Heap before GC invocations=34 (full 0):
 garbage-first heap   total 89088K, used 72829K [0x00000000a1e00000, 0x0000000100000000)
  region size 1024K, 51 young (52224K), 5 survivors (5120K)
 Metaspace       used 68463K, committed 68864K, reserved 1114112K
  class space    used 7944K, committed 8128K, reserved 1048576K
}
Event: 15.018 GC heap after
{Heap after GC invocations=35 (full 0):
 garbage-first heap   total 89088K, used 27086K [0x00000000a1e00000, 0x0000000100000000)
  region size 1024K, 5 young (5120K), 5 survivors (5120K)
 Metaspace       used 68463K, committed 68864K, reserved 1114112K
  class space    used 7944K, committed 8128K, reserved 1048576K
}
Event: 15.756 GC heap before
{Heap before GC invocations=35 (full 0):
 garbage-first heap   total 89088K, used 72142K [0x00000000a1e00000, 0x0000000100000000)
  region size 1024K, 49 young (50176K), 5 survivors (5120K)
 Metaspace       used 70152K, committed 70528K, reserved 1114112K
  class space    used 8189K, committed 8384K, reserved 1048576K
}
Event: 15.778 GC heap after
{Heap after GC invocations=36 (full 0):
 garbage-first heap   total 89088K, used 30409K [0x00000000a1e00000, 0x0000000100000000)
  region size 1024K, 6 young (6144K), 6 survivors (6144K)
 Metaspace       used 70152K, committed 70528K, reserved 1114112K
  class space    used 8189K, committed 8384K, reserved 1048576K
}
Event: 16.247 GC heap before
{Heap before GC invocations=36 (full 0):
 garbage-first heap   total 89088K, used 71369K [0x00000000a1e00000, 0x0000000100000000)
  region size 1024K, 46 young (47104K), 6 survivors (6144K)
 Metaspace       used 71714K, committed 72192K, reserved 1114112K
  class space    used 8375K, committed 8640K, reserved 1048576K
}
Event: 16.261 GC heap after
{Heap after GC invocations=37 (full 0):
 garbage-first heap   total 107520K, used 32188K [0x00000000a1e00000, 0x0000000100000000)
  region size 1024K, 2 young (2048K), 2 survivors (2048K)
 Metaspace       used 71714K, committed 72192K, reserved 1114112K
  class space    used 8375K, committed 8640K, reserved 1048576K
}
Event: 17.066 GC heap before
{Heap before GC invocations=37 (full 0):
 garbage-first heap   total 107520K, used 87484K [0x00000000a1e00000, 0x0000000100000000)
  region size 1024K, 56 young (57344K), 2 survivors (2048K)
 Metaspace       used 74358K, committed 74752K, reserved 1122304K
  class space    used 8752K, committed 8960K, reserved 1048576K
}
Event: 17.075 GC heap after
{Heap after GC invocations=38 (full 0):
 garbage-first heap   total 107520K, used 33458K [0x00000000a1e00000, 0x0000000100000000)
  region size 1024K, 4 young (4096K), 4 survivors (4096K)
 Metaspace       used 74358K, committed 74752K, reserved 1122304K
  class space    used 8752K, committed 8960K, reserved 1048576K
}
Event: 17.609 GC heap before
{Heap before GC invocations=38 (full 0):
 garbage-first heap   total 107520K, used 85682K [0x00000000a1e00000, 0x0000000100000000)
  region size 1024K, 55 young (56320K), 4 survivors (4096K)
 Metaspace       used 77244K, committed 77696K, reserved 1122304K
  class space    used 9169K, committed 9408K, reserved 1048576K
}
Event: 17.618 GC heap after
{Heap after GC invocations=39 (full 0):
 garbage-first heap   total 107520K, used 34108K [0x00000000a1e00000, 0x0000000100000000)
  region size 1024K, 4 young (4096K), 4 survivors (4096K)
 Metaspace       used 77244K, committed 77696K, reserved 1122304K
  class space    used 9169K, committed 9408K, reserved 1048576K
}
Event: 18.133 GC heap before
{Heap before GC invocations=39 (full 0):
 garbage-first heap   total 107520K, used 87356K [0x00000000a1e00000, 0x0000000100000000)
  region size 1024K, 56 young (57344K), 4 survivors (4096K)
 Metaspace       used 79534K, committed 79936K, reserved 1122304K
  class space    used 9392K, committed 9600K, reserved 1048576K
}
Event: 18.145 GC heap after
{Heap after GC invocations=40 (full 0):
 garbage-first heap   total 107520K, used 34988K [0x00000000a1e00000, 0x0000000100000000)
  region size 1024K, 4 young (4096K), 4 survivors (4096K)
 Metaspace       used 79534K, committed 79936K, reserved 1122304K
  class space    used 9392K, committed 9600K, reserved 1048576K
}

